<?xml version="1.0" encoding="UTF-8"?>
<!-- Generated by org.testng.reporters.JUnitReportReporter -->
<testsuite hostname="LAPTOP-9D1NATOR" failures="0" tests="1" name="restAssuredTests.GetRequest" time="3.050" errors="0" timestamp="2022-09-16T18:23:03 IST" skipped="0">
  <testcase classname="restAssuredTests.GetRequest" name="getWeather" time="3.050"/>
  <system-out/>
</testsuite> <!-- restAssuredTests.GetRequest -->
