<?xml version="1.0" encoding="UTF-8"?>
<!-- Generated by org.testng.reporters.JUnitReportReporter -->
<testsuite hostname="LAPTOP-9D1NATOR" failures="0" tests="1" name="restAssuredTests.AuthRequest" time="2.295" errors="0" timestamp="2022-09-16T18:12:36 IST" skipped="0">
  <testcase classname="restAssuredTests.AuthRequest" name="authorization" time="2.295"/>
  <system-out/>
</testsuite> <!-- restAssuredTests.AuthRequest -->
