<?xml version="1.0" encoding="UTF-8"?>
<!-- Generated by org.testng.reporters.JUnitReportReporter -->
<testsuite hostname="LAPTOP-9D1NATOR" failures="0" tests="1" name="restAssuredTests.PostRequest" time="2.504" errors="0" timestamp="2022-09-16T18:30:50 IST" skipped="0">
  <testcase classname="restAssuredTests.PostRequest" name="postData" time="2.504"/>
  <system-out/>
</testsuite> <!-- restAssuredTests.PostRequest -->
